-XnoInline
-encoding
UTF-8
-outxml
-source
1.6
-target
1.6
-verbose
-classpath
C:\Users\fmacicasan.GLOBAL\.m2\repository\antlr\antlr\2.7.6\antlr-2.7.6.jar;C:\Users\fmacicasan.GLOBAL\.m2\repository\aopalliance\aopalliance\1.0\aopalliance-1.0.jar;C:\Users\fmacicasan.GLOBAL\.m2\repository\avalon-framework\avalon-framework\4.1.3\avalon-framework-4.1.3.jar;C:\Users\fmacicasan.GLOBAL\.m2\repository\cglib\cglib-nodep\2.2\cglib-nodep-2.2.jar;C:\Users\fmacicasan.GLOBAL\.m2\repository\commons-beanutils\commons-beanutils\1.8.0\commons-beanutils-1.8.0.jar;C:\Users\fmacicasan.GLOBAL\.m2\repository\commons-codec\commons-codec\1.4\commons-codec-1.4.jar;C:\Users\fmacicasan.GLOBAL\.m2\repository\commons-collections\commons-collections\3.1\commons-collections-3.1.jar;C:\Users\fmacicasan.GLOBAL\.m2\repository\commons-dbcp\commons-dbcp\1.3\commons-dbcp-1.3.jar;C:\Users\fmacicasan.GLOBAL\.m2\repository\commons-digester\commons-digester\2.0\commons-digester-2.0.jar;C:\Users\fmacicasan.GLOBAL\.m2\repository\commons-fileupload\commons-fileupload\1.2.1\commons-fileupload-1.2.1.jar;C:\Users\fmacicasan.GLOBAL\.m2\repository\commons-logging\commons-logging\1.1\commons-logging-1.1.jar;C:\Users\fmacicasan.GLOBAL\.m2\repository\commons-pool\commons-pool\1.5.4\commons-pool-1.5.4.jar;C:\Users\fmacicasan.GLOBAL\.m2\repository\dom4j\dom4j\1.6.1\dom4j-1.6.1.jar;C:\Users\fmacicasan.GLOBAL\.m2\repository\javassist\javassist\3.12.0.GA\javassist-3.12.0.GA.jar;C:\Users\fmacicasan.GLOBAL\.m2\repository\javax\activation\activation\1.1\activation-1.1.jar;C:\Users\fmacicasan.GLOBAL\.m2\repository\javax\el\el-api\1.0\el-api-1.0.jar;C:\Users\fmacicasan.GLOBAL\.m2\repository\javax\mail\mail\1.4\mail-1.4.jar;C:\Users\fmacicasan.GLOBAL\.m2\repository\javax\servlet\jstl\1.2\jstl-1.2.jar;C:\Users\fmacicasan.GLOBAL\.m2\repository\javax\servlet\servlet-api\2.5\servlet-api-2.5.jar;C:\Users\fmacicasan.GLOBAL\.m2\repository\javax\servlet\jsp\jsp-api\2.1\jsp-api-2.1.jar;C:\Users\fmacicasan.GLOBAL\.m2\repository\javax\servlet\jsp\jstl\jstl-api\1.2\jstl-api-1.2.jar;C:\Users\fmacicasan.GLOBAL\.m2\repository\javax\servlet\jsp\jstl\jstl-api\1.2\jstl-api-1.2.jar;C:\Users\fmacicasan.GLOBAL\.m2\repository\javax\transaction\jta\1.1\jta-1.1.jar;C:\Users\fmacicasan.GLOBAL\.m2\repository\javax\validation\validation-api\1.0.0.GA\validation-api-1.0.0.GA.jar;C:\Users\fmacicasan.GLOBAL\.m2\repository\joda-time\joda-time\1.6\joda-time-1.6.jar;C:\Users\fmacicasan.GLOBAL\.m2\repository\junit\junit\4.8.2\junit-4.8.2.jar;C:\Users\fmacicasan.GLOBAL\.m2\repository\log4j\log4j\1.2.16\log4j-1.2.16.jar;C:\Users\fmacicasan.GLOBAL\.m2\repository\logkit\logkit\1.0.1\logkit-1.0.1.jar;C:\Users\fmacicasan.GLOBAL\.m2\repository\mysql\mysql-connector-java\5.1.17\mysql-connector-java-5.1.17.jar;C:\Users\fmacicasan.GLOBAL\.m2\repository\net\sf\flexjson\flexjson\2.1\flexjson-2.1.jar;C:\Users\fmacicasan.GLOBAL\.m2\repository\org\apache\poi\poi\3.7\poi-3.7.jar;C:\Users\fmacicasan.GLOBAL\.m2\repository\org\apache\tiles\tiles-api\2.2.1\tiles-api-2.2.1.jar;C:\Users\fmacicasan.GLOBAL\.m2\repository\org\apache\tiles\tiles-core\2.2.1\tiles-core-2.2.1.jar;C:\Users\fmacicasan.GLOBAL\.m2\repository\org\apache\tiles\tiles-jsp\2.2.1\tiles-jsp-2.2.1.jar;C:\Users\fmacicasan.GLOBAL\.m2\repository\org\apache\tiles\tiles-servlet\2.2.1\tiles-servlet-2.2.1.jar;C:\Users\fmacicasan.GLOBAL\.m2\repository\org\apache\tiles\tiles-template\2.2.1\tiles-template-2.2.1.jar;C:\Users\fmacicasan.GLOBAL\.m2\repository\org\aspectj\aspectjrt\1.6.11\aspectjrt-1.6.11.jar;C:\Users\fmacicasan.GLOBAL\.m2\repository\org\aspectj\aspectjweaver\1.6.11\aspectjweaver-1.6.11.jar;C:\Users\fmacicasan.GLOBAL\.m2\repository\org\glassfish\web\jstl-impl\1.2\jstl-impl-1.2.jar;C:\Users\fmacicasan.GLOBAL\.m2\repository\org\glassfish\web\jstl-impl\1.2\jstl-impl-1.2.jar;C:\Users\fmacicasan.GLOBAL\.m2\repository\org\hibernate\hibernate-commons-annotations\3.2.0.Final\hibernate-commons-annotations-3.2.0.Final.jar;C:\Users\fmacicasan.GLOBAL\.m2\repository\org\hibernate\hibernate-core\3.6.3.Final\hibernate-core-3.6.3.Final.jar;C:\Users\fmacicasan.GLOBAL\.m2\repository\org\hibernate\hibernate-entitymanager\3.6.3.Final\hibernate-entitymanager-3.6.3.Final.jar;C:\Users\fmacicasan.GLOBAL\.m2\repository\org\hibernate\hibernate-validator\4.1.0.Final\hibernate-validator-4.1.0.Final.jar;C:\Users\fmacicasan.GLOBAL\.m2\repository\org\hibernate\javax\persistence\hibernate-jpa-2.0-api\1.0.0.Final\hibernate-jpa-2.0-api-1.0.0.Final.jar;C:\Users\fmacicasan.GLOBAL\.m2\repository\org\hsqldb\hsqldb\1.8.0.10\hsqldb-1.8.0.10.jar;C:\Users\fmacicasan.GLOBAL\.m2\repository\org\mockito\mockito-all\1.9.0-rc1\mockito-all-1.9.0-rc1.jar;C:\Users\fmacicasan.GLOBAL\.m2\repository\org\slf4j\jcl-over-slf4j\1.6.1\jcl-over-slf4j-1.6.1.jar;C:\Users\fmacicasan.GLOBAL\.m2\repository\org\slf4j\slf4j-api\1.6.1\slf4j-api-1.6.1.jar;C:\Users\fmacicasan.GLOBAL\.m2\repository\org\slf4j\slf4j-log4j12\1.6.1\slf4j-log4j12-1.6.1.jar;C:\Users\fmacicasan.GLOBAL\.m2\repository\org\springframework\spring-aop\3.0.5.RELEASE\spring-aop-3.0.5.RELEASE.jar;C:\Users\fmacicasan.GLOBAL\.m2\repository\org\springframework\spring-asm\3.0.5.RELEASE\spring-asm-3.0.5.RELEASE.jar;C:\Users\fmacicasan.GLOBAL\.m2\repository\org\springframework\spring-aspects\3.0.5.RELEASE\spring-aspects-3.0.5.RELEASE.jar;C:\Users\fmacicasan.GLOBAL\.m2\repository\org\springframework\spring-beans\3.0.5.RELEASE\spring-beans-3.0.5.RELEASE.jar;C:\Users\fmacicasan.GLOBAL\.m2\repository\org\springframework\spring-context\3.0.5.RELEASE\spring-context-3.0.5.RELEASE.jar;C:\Users\fmacicasan.GLOBAL\.m2\repository\org\springframework\spring-context-support\3.0.5.RELEASE\spring-context-support-3.0.5.RELEASE.jar;C:\Users\fmacicasan.GLOBAL\.m2\repository\org\springframework\spring-core\3.0.5.RELEASE\spring-core-3.0.5.RELEASE.jar;C:\Users\fmacicasan.GLOBAL\.m2\repository\org\springframework\spring-expression\3.0.5.RELEASE\spring-expression-3.0.5.RELEASE.jar;C:\Users\fmacicasan.GLOBAL\.m2\repository\org\springframework\spring-jdbc\3.0.5.RELEASE\spring-jdbc-3.0.5.RELEASE.jar;C:\Users\fmacicasan.GLOBAL\.m2\repository\org\springframework\spring-mock\2.0.8\spring-mock-2.0.8.jar;C:\Users\fmacicasan.GLOBAL\.m2\repository\org\springframework\spring-orm\3.0.5.RELEASE\spring-orm-3.0.5.RELEASE.jar;C:\Users\fmacicasan.GLOBAL\.m2\repository\org\springframework\spring-test\3.0.5.RELEASE\spring-test-3.0.5.RELEASE.jar;C:\Users\fmacicasan.GLOBAL\.m2\repository\org\springframework\spring-tx\3.0.5.RELEASE\spring-tx-3.0.5.RELEASE.jar;C:\Users\fmacicasan.GLOBAL\.m2\repository\org\springframework\spring-web\3.0.5.RELEASE\spring-web-3.0.5.RELEASE.jar;C:\Users\fmacicasan.GLOBAL\.m2\repository\org\springframework\spring-webmvc\3.0.5.RELEASE\spring-webmvc-3.0.5.RELEASE.jar;C:\Users\fmacicasan.GLOBAL\.m2\repository\org\springframework\roo\org.springframework.roo.annotations\1.1.5.RELEASE\org.springframework.roo.annotations-1.1.5.RELEASE.jar;C:\Users\fmacicasan.GLOBAL\.m2\repository\org\springframework\security\spring-security-acl\3.0.5.RELEASE\spring-security-acl-3.0.5.RELEASE.jar;C:\Users\fmacicasan.GLOBAL\.m2\repository\org\springframework\security\spring-security-config\3.0.5.RELEASE\spring-security-config-3.0.5.RELEASE.jar;C:\Users\fmacicasan.GLOBAL\.m2\repository\org\springframework\security\spring-security-core\3.0.5.RELEASE\spring-security-core-3.0.5.RELEASE.jar;C:\Users\fmacicasan.GLOBAL\.m2\repository\org\springframework\security\spring-security-taglibs\3.0.5.RELEASE\spring-security-taglibs-3.0.5.RELEASE.jar;C:\Users\fmacicasan.GLOBAL\.m2\repository\org\springframework\security\spring-security-web\3.0.5.RELEASE\spring-security-web-3.0.5.RELEASE.jar;C:\Users\fmacicasan.GLOBAL\.m2\repository\org\springframework\webflow\spring-js-resources\2.2.1.RELEASE\spring-js-resources-2.2.1.RELEASE.jar;D:\workspace-sts-2.7.1.RELEASE\git\FreeDaysIntern2\FreeDaysIntern\Sts\freeday\target\classes
-aspectpath
C:\Users\fmacicasan.GLOBAL\.m2\repository\org\springframework\spring-aspects\3.0.5.RELEASE\spring-aspects-3.0.5.RELEASE.jar
-d
D:\workspace-sts-2.7.1.RELEASE\git\FreeDaysIntern2\FreeDaysIntern\Sts\freeday\target\classes
D:\workspace-sts-2.7.1.RELEASE\git\FreeDaysIntern2\FreeDaysIntern\Sts\freeday\src\main\java\freedays\app\RequestStatus.java
D:\workspace-sts-2.7.1.RELEASE\git\FreeDaysIntern2\FreeDaysIntern\Sts\freeday\src\main\java\freedays\app\FreeDayRL_Roo_Entity.aj
D:\workspace-sts-2.7.1.RELEASE\git\FreeDaysIntern2\FreeDaysIntern\Sts\freeday\src\main\java\freedays\timesheet\MainClass.java
D:\workspace-sts-2.7.1.RELEASE\git\FreeDaysIntern2\FreeDaysIntern\Sts\freeday\src\main\java\freedays\controller\ScheduleController.java
D:\workspace-sts-2.7.1.RELEASE\git\FreeDaysIntern2\FreeDaysIntern\Sts\freeday\src\main\java\freedays\controller\RequestController.java
D:\workspace-sts-2.7.1.RELEASE\git\FreeDaysIntern2\FreeDaysIntern\Sts\freeday\src\main\java\freedays\app\FreeDayNP_Roo_Entity.aj
D:\workspace-sts-2.7.1.RELEASE\git\FreeDaysIntern2\FreeDaysIntern\Sts\freeday\src\main\java\freedays\domain\Request_Roo_Entity.aj
D:\workspace-sts-2.7.1.RELEASE\git\FreeDaysIntern2\FreeDaysIntern\Sts\freeday\src\main\java\freedays\validation\CheckUniqueDayPerActiveOrApprovedReqValidator_Roo_JavaBean.aj
D:\workspace-sts-2.7.1.RELEASE\git\FreeDaysIntern2\FreeDaysIntern\Sts\freeday\src\main\java\freedays\controller\AccountController_Roo_JavaBean.aj
D:\workspace-sts-2.7.1.RELEASE\git\FreeDaysIntern2\FreeDaysIntern\Sts\freeday\src\main\java\freedays\app\FDAdmin.java
D:\workspace-sts-2.7.1.RELEASE\git\FreeDaysIntern2\FreeDaysIntern\Sts\freeday\src\main\java\freedays\domain\RegularUser_Roo_JavaBean.aj
D:\workspace-sts-2.7.1.RELEASE\git\FreeDaysIntern2\FreeDaysIntern\Sts\freeday\src\main\java\freedays\controller\RegisterController_Roo_JavaBean.aj
D:\workspace-sts-2.7.1.RELEASE\git\FreeDaysIntern2\FreeDaysIntern\Sts\freeday\src\main\java\freedays\validation\annotation\BusinessDay.java
D:\workspace-sts-2.7.1.RELEASE\git\FreeDaysIntern2\FreeDaysIntern\Sts\freeday\src\main\java\freedays\app\form\FriendlyRequest.java
D:\workspace-sts-2.7.1.RELEASE\git\FreeDaysIntern2\FreeDaysIntern\Sts\freeday\src\main\java\freedays\schedule\FreeDayScheduleServiceImpl.java
D:\workspace-sts-2.7.1.RELEASE\git\FreeDaysIntern2\FreeDaysIntern\Sts\freeday\src\main\java\freedays\app\form\FreeDayReportWrapper.java
D:\workspace-sts-2.7.1.RELEASE\git\FreeDaysIntern2\FreeDaysIntern\Sts\freeday\src\main\java\freedays\app\FreeDayNP.java
D:\workspace-sts-2.7.1.RELEASE\git\FreeDaysIntern2\FreeDaysIntern\Sts\freeday\src\main\java\freedays\validation\annotation\UniqueEmail.java
D:\workspace-sts-2.7.1.RELEASE\git\FreeDaysIntern2\FreeDaysIntern\Sts\freeday\src\main\java\freedays\validation\CheckSpecialWeekdayValidator.java
D:\workspace-sts-2.7.1.RELEASE\git\FreeDaysIntern2\FreeDaysIntern\Sts\freeday\src\main\java\freedays\app\FreeDayR_Roo_JavaBean.aj
D:\workspace-sts-2.7.1.RELEASE\git\FreeDaysIntern2\FreeDaysIntern\Sts\freeday\src\main\java\freedays\validation\annotation\Weekend.java
D:\workspace-sts-2.7.1.RELEASE\git\FreeDaysIntern2\FreeDaysIntern\Sts\freeday\src\main\java\freedays\app\FDUser_Roo_Configurable.aj
D:\workspace-sts-2.7.1.RELEASE\git\FreeDaysIntern2\FreeDaysIntern\Sts\freeday\src\main\java\freedays\controller\AccountController.java
D:\workspace-sts-2.7.1.RELEASE\git\FreeDaysIntern2\FreeDaysIntern\Sts\freeday\src\main\java\freedays\app\HRManagement_Roo_Configurable.aj
D:\workspace-sts-2.7.1.RELEASE\git\FreeDaysIntern2\FreeDaysIntern\Sts\freeday\src\main\java\freedays\controller\RegularUserController_Roo_Controller.aj
D:\workspace-sts-2.7.1.RELEASE\git\FreeDaysIntern2\FreeDaysIntern\Sts\freeday\src\main\java\freedays\controller\RequestController_Roo_Controller.aj
D:\workspace-sts-2.7.1.RELEASE\git\FreeDaysIntern2\FreeDaysIntern\Sts\freeday\src\main\java\freedays\app\HRManagement.java
D:\workspace-sts-2.7.1.RELEASE\git\FreeDaysIntern2\FreeDaysIntern\Sts\freeday\src\main\java\freedays\timesheet\Project_Roo_Configurable.aj
D:\workspace-sts-2.7.1.RELEASE\git\FreeDaysIntern2\FreeDaysIntern\Sts\freeday\src\main\java\freedays\app\FreeDayM_Roo_Entity.aj
D:\workspace-sts-2.7.1.RELEASE\git\FreeDaysIntern2\FreeDaysIntern\Sts\freeday\src\main\java\freedays\domain\ApplicationRegularUser_Roo_Entity.aj
D:\workspace-sts-2.7.1.RELEASE\git\FreeDaysIntern2\FreeDaysIntern\Sts\freeday\src\main\java\freedays\domain\RegularUser_Roo_Entity.aj
D:\workspace-sts-2.7.1.RELEASE\git\FreeDaysIntern2\FreeDaysIntern\Sts\freeday\src\main\java\freedays\controller\FDUserController.java
D:\workspace-sts-2.7.1.RELEASE\git\FreeDaysIntern2\FreeDaysIntern\Sts\freeday\src\main\java\freedays\timesheet\TimesheetGenerator.java
D:\workspace-sts-2.7.1.RELEASE\git\FreeDaysIntern2\FreeDaysIntern\Sts\freeday\src\main\java\freedays\domain\AdvancedUserRole.java
D:\workspace-sts-2.7.1.RELEASE\git\FreeDaysIntern2\FreeDaysIntern\Sts\freeday\src\main\java\freedays\security\UserContextService.java
D:\workspace-sts-2.7.1.RELEASE\git\FreeDaysIntern2\FreeDaysIntern\Sts\freeday\src\main\java\freedays\controller\PhaseController.java
D:\workspace-sts-2.7.1.RELEASE\git\FreeDaysIntern2\FreeDaysIntern\Sts\freeday\src\main\java\freedays\app\form\FreeDayUserList.java
D:\workspace-sts-2.7.1.RELEASE\git\FreeDaysIntern2\FreeDaysIntern\Sts\freeday\src\main\java\freedays\controller\PatternController.java
D:\workspace-sts-2.7.1.RELEASE\git\FreeDaysIntern2\FreeDaysIntern\Sts\freeday\src\main\java\freedays\app\HRManagement_Roo_Entity.aj
D:\workspace-sts-2.7.1.RELEASE\git\FreeDaysIntern2\FreeDaysIntern\Sts\freeday\src\main\java\freedays\validation\CheckUniqueEmailValidator.java
D:\workspace-sts-2.7.1.RELEASE\git\FreeDaysIntern2\FreeDaysIntern\Sts\freeday\src\main\java\freedays\timesheet\PhaseLabor.java
D:\workspace-sts-2.7.1.RELEASE\git\FreeDaysIntern2\FreeDaysIntern\Sts\freeday\src\main\java\freedays\app\FreeDayRL_Roo_ToString.aj
D:\workspace-sts-2.7.1.RELEASE\git\FreeDaysIntern2\FreeDaysIntern\Sts\freeday\src\main\java\freedays\domain\Request_Roo_JavaBean.aj
D:\workspace-sts-2.7.1.RELEASE\git\FreeDaysIntern2\FreeDaysIntern\Sts\freeday\src\main\java\freedays\app\form\FreeDayRequest.java
D:\workspace-sts-2.7.1.RELEASE\git\FreeDaysIntern2\FreeDaysIntern\Sts\freeday\src\main\java\freedays\domain\AdvancedUserRole_Roo_JavaBean.aj
D:\workspace-sts-2.7.1.RELEASE\git\FreeDaysIntern2\FreeDaysIntern\Sts\freeday\src\main\java\freedays\validation\annotation\SpecialWeekday.java
D:\workspace-sts-2.7.1.RELEASE\git\FreeDaysIntern2\FreeDaysIntern\Sts\freeday\src\main\java\freedays\controller\AuthentificationController.java
D:\workspace-sts-2.7.1.RELEASE\git\FreeDaysIntern2\FreeDaysIntern\Sts\freeday\src\main\java\freedays\app\FreeDayL.java
D:\workspace-sts-2.7.1.RELEASE\git\FreeDaysIntern2\FreeDaysIntern\Sts\freeday\src\main\java\freedays\domain\RegularUser.java
D:\workspace-sts-2.7.1.RELEASE\git\FreeDaysIntern2\FreeDaysIntern\Sts\freeday\src\main\java\freedays\timesheet\Project.java
D:\workspace-sts-2.7.1.RELEASE\git\FreeDaysIntern2\FreeDaysIntern\Sts\freeday\src\main\java\freedays\app\AppStrategL1_Roo_Configurable.aj
D:\workspace-sts-2.7.1.RELEASE\git\FreeDaysIntern2\FreeDaysIntern\Sts\freeday\src\main\java\freedays\domain\AdvancedUserRole_Roo_Configurable.aj
D:\workspace-sts-2.7.1.RELEASE\git\FreeDaysIntern2\FreeDaysIntern\Sts\freeday\src\main\java\freedays\app\FreeDaysRCMatch_Roo_Entity.aj
D:\workspace-sts-2.7.1.RELEASE\git\FreeDaysIntern2\FreeDaysIntern\Sts\freeday\src\main\java\freedays\domain\ApplicationRegularUser.java
D:\workspace-sts-2.7.1.RELEASE\git\FreeDaysIntern2\FreeDaysIntern\Sts\freeday\src\main\java\freedays\timesheet\Project_Roo_JavaBean.aj
D:\workspace-sts-2.7.1.RELEASE\git\FreeDaysIntern2\FreeDaysIntern\Sts\freeday\src\main\java\freedays\timesheet\Schedule_Roo_JavaBean.aj
D:\workspace-sts-2.7.1.RELEASE\git\FreeDaysIntern2\FreeDaysIntern\Sts\freeday\src\main\java\freedays\validation\CheckSamePassValidator.java
D:\workspace-sts-2.7.1.RELEASE\git\FreeDaysIntern2\FreeDaysIntern\Sts\freeday\src\main\java\freedays\domain\RequestGranter.java
D:\workspace-sts-2.7.1.RELEASE\git\FreeDaysIntern2\FreeDaysIntern\Sts\freeday\src\main\java\freedays\validation\CheckUniqueVacationPerActiveOrApprovedReqValidator_Roo_JavaBean.aj
D:\workspace-sts-2.7.1.RELEASE\git\FreeDaysIntern2\FreeDaysIntern\Sts\freeday\src\main\java\freedays\timesheet\WeekConstants.java
D:\workspace-sts-2.7.1.RELEASE\git\FreeDaysIntern2\FreeDaysIntern\Sts\freeday\src\main\java\freedays\domain\form\SignupWrapper_Roo_JavaBean.aj
D:\workspace-sts-2.7.1.RELEASE\git\FreeDaysIntern2\FreeDaysIntern\Sts\freeday\src\main\java\freedays\app\form\FreeDayRequestVacation.java
D:\workspace-sts-2.7.1.RELEASE\git\FreeDaysIntern2\FreeDaysIntern\Sts\freeday\src\main\java\freedays\schedule\FreeDayScheduleService.java
D:\workspace-sts-2.7.1.RELEASE\git\FreeDaysIntern2\FreeDaysIntern\Sts\freeday\src\main\java\freedays\validation\CheckFreeDaySpecificDateConstraint.java
D:\workspace-sts-2.7.1.RELEASE\git\FreeDaysIntern2\FreeDaysIntern\Sts\freeday\src\main\java\freedays\timesheet\Phase_Roo_Entity.aj
D:\workspace-sts-2.7.1.RELEASE\git\FreeDaysIntern2\FreeDaysIntern\Sts\freeday\src\main\java\freedays\timesheet\Project_Roo_Entity.aj
D:\workspace-sts-2.7.1.RELEASE\git\FreeDaysIntern2\FreeDaysIntern\Sts\freeday\src\main\java\freedays\app\form\FreeDayUserList_Roo_JavaBean.aj
D:\workspace-sts-2.7.1.RELEASE\git\FreeDaysIntern2\FreeDaysIntern\Sts\freeday\src\main\java\freedays\timesheet\PhaseLabor_Roo_Configurable.aj
D:\workspace-sts-2.7.1.RELEASE\git\FreeDaysIntern2\FreeDaysIntern\Sts\freeday\src\main\java\logging\LoggerA.aj
D:\workspace-sts-2.7.1.RELEASE\git\FreeDaysIntern2\FreeDaysIntern\Sts\freeday\src\main\java\freedays\app\FreeDayRL_Roo_JavaBean.aj
D:\workspace-sts-2.7.1.RELEASE\git\FreeDaysIntern2\FreeDaysIntern\Sts\freeday\src\main\java\freedays\timesheet\LaborBilling_Roo_Configurable.aj
D:\workspace-sts-2.7.1.RELEASE\git\FreeDaysIntern2\FreeDaysIntern\Sts\freeday\src\main\java\freedays\app\FreeDay.java
D:\workspace-sts-2.7.1.RELEASE\git\FreeDaysIntern2\FreeDaysIntern\Sts\freeday\src\main\java\freedays\app\FreeDayM_Roo_Configurable.aj
D:\workspace-sts-2.7.1.RELEASE\git\FreeDaysIntern2\FreeDaysIntern\Sts\freeday\src\main\java\freedays\validation\annotation\UniqueVacationPerActiveOrApprovedReq.java
D:\workspace-sts-2.7.1.RELEASE\git\FreeDaysIntern2\FreeDaysIntern\Sts\freeday\src\main\java\freedays\timesheet\LaborBilling_Roo_ToString.aj
D:\workspace-sts-2.7.1.RELEASE\git\FreeDaysIntern2\FreeDaysIntern\Sts\freeday\src\main\java\freedays\timesheet\PhaseLabor_Roo_JavaBean.aj
D:\workspace-sts-2.7.1.RELEASE\git\FreeDaysIntern2\FreeDaysIntern\Sts\freeday\src\main\java\freedays\domain\form\ChangePassWrapper_Roo_JavaBean.aj
D:\workspace-sts-2.7.1.RELEASE\git\FreeDaysIntern2\FreeDaysIntern\Sts\freeday\src\main\java\freedays\domain\Request_Roo_Configurable.aj
D:\workspace-sts-2.7.1.RELEASE\git\FreeDaysIntern2\FreeDaysIntern\Sts\freeday\src\main\java\freedays\app\AppStrategL1_Roo_Entity.aj
D:\workspace-sts-2.7.1.RELEASE\git\FreeDaysIntern2\FreeDaysIntern\Sts\freeday\src\main\java\freedays\controller\RecoverPassController.java
D:\workspace-sts-2.7.1.RELEASE\git\FreeDaysIntern2\FreeDaysIntern\Sts\freeday\src\main\java\freedays\schedule\FreeDayScheduleServiceImpl_Roo_JavaBean.aj
D:\workspace-sts-2.7.1.RELEASE\git\FreeDaysIntern2\FreeDaysIntern\Sts\freeday\src\main\java\freedays\timesheet\Phase_Roo_Configurable.aj
D:\workspace-sts-2.7.1.RELEASE\git\FreeDaysIntern2\FreeDaysIntern\Sts\freeday\src\main\java\freedays\app\FDAdmin_Roo_Entity.aj
D:\workspace-sts-2.7.1.RELEASE\git\FreeDaysIntern2\FreeDaysIntern\Sts\freeday\src\main\java\freedays\timesheet\TimesheetAdmin_Roo_Entity.aj
D:\workspace-sts-2.7.1.RELEASE\git\FreeDaysIntern2\FreeDaysIntern\Sts\freeday\src\main\java\freedays\controller\RegularUserController.java
D:\workspace-sts-2.7.1.RELEASE\git\FreeDaysIntern2\FreeDaysIntern\Sts\freeday\src\main\java\freedays\util\MailUtils_Roo_JavaBean.aj
D:\workspace-sts-2.7.1.RELEASE\git\FreeDaysIntern2\FreeDaysIntern\Sts\freeday\src\main\java\freedays\app\FreeDay_Roo_Entity.aj
D:\workspace-sts-2.7.1.RELEASE\git\FreeDaysIntern2\FreeDaysIntern\Sts\freeday\src\main\java\freedays\app\FreeDay_Roo_JavaBean.aj
D:\workspace-sts-2.7.1.RELEASE\git\FreeDaysIntern2\FreeDaysIntern\Sts\freeday\src\main\java\freedays\validation\CheckUniqueVacationPerActiveOrApprovedReqValidator.java
D:\workspace-sts-2.7.1.RELEASE\git\FreeDaysIntern2\FreeDaysIntern\Sts\freeday\src\main\java\freedays\app\FreeDayC_Roo_Entity.aj
D:\workspace-sts-2.7.1.RELEASE\git\FreeDaysIntern2\FreeDaysIntern\Sts\freeday\src\main\java\freedays\domain\ApprovalStrategy_Roo_Entity.aj
D:\workspace-sts-2.7.1.RELEASE\git\FreeDaysIntern2\FreeDaysIntern\Sts\freeday\src\main\java\freedays\controller\ApplicationConversionServiceFactoryBean_Roo_ConversionService.aj
D:\workspace-sts-2.7.1.RELEASE\git\FreeDaysIntern2\FreeDaysIntern\Sts\freeday\src\main\java\freedays\app\FreeDayC_Roo_Configurable.aj
D:\workspace-sts-2.7.1.RELEASE\git\FreeDaysIntern2\FreeDaysIntern\Sts\freeday\src\main\java\freedays\controller\LaborBillingController.java
D:\workspace-sts-2.7.1.RELEASE\git\FreeDaysIntern2\FreeDaysIntern\Sts\freeday\src\main\java\freedays\timesheet\TimesheetUser_Roo_Configurable.aj
D:\workspace-sts-2.7.1.RELEASE\git\FreeDaysIntern2\FreeDaysIntern\Sts\freeday\src\main\java\freedays\app\FreeDayFactory.java
D:\workspace-sts-2.7.1.RELEASE\git\FreeDaysIntern2\FreeDaysIntern\Sts\freeday\src\main\java\freedays\timesheet\LaborBilling.java
D:\workspace-sts-2.7.1.RELEASE\git\FreeDaysIntern2\FreeDaysIntern\Sts\freeday\src\main\java\freedays\app\FreeDayC.java
D:\workspace-sts-2.7.1.RELEASE\git\FreeDaysIntern2\FreeDaysIntern\Sts\freeday\src\main\java\freedays\timesheet\PhaseLabor_Roo_Entity.aj
D:\workspace-sts-2.7.1.RELEASE\git\FreeDaysIntern2\FreeDaysIntern\Sts\freeday\src\main\java\freedays\controller\TimesheetController.java
D:\workspace-sts-2.7.1.RELEASE\git\FreeDaysIntern2\FreeDaysIntern\Sts\freeday\src\main\java\freedays\timesheet\Schedule_Roo_Configurable.aj
D:\workspace-sts-2.7.1.RELEASE\git\FreeDaysIntern2\FreeDaysIntern\Sts\freeday\src\main\java\freedays\app\FreeDayVacation_Roo_Configurable.aj
D:\workspace-sts-2.7.1.RELEASE\git\FreeDaysIntern2\FreeDaysIntern\Sts\freeday\src\main\java\freedays\timesheet\Phase_Roo_JavaBean.aj
D:\workspace-sts-2.7.1.RELEASE\git\FreeDaysIntern2\FreeDaysIntern\Sts\freeday\src\main\java\freedays\domain\Admin_Roo_Entity.aj
D:\workspace-sts-2.7.1.RELEASE\git\FreeDaysIntern2\FreeDaysIntern\Sts\freeday\src\main\java\freedays\app\AppStrategLTop_Roo_ToString.aj
D:\workspace-sts-2.7.1.RELEASE\git\FreeDaysIntern2\FreeDaysIntern\Sts\freeday\src\main\java\freedays\app\FreeDayL_Roo_Configurable.aj
D:\workspace-sts-2.7.1.RELEASE\git\FreeDaysIntern2\FreeDaysIntern\Sts\freeday\src\main\java\freedays\domain\form\Search_Roo_JavaBean.aj
D:\workspace-sts-2.7.1.RELEASE\git\FreeDaysIntern2\FreeDaysIntern\Sts\freeday\src\main\java\freedays\app\FDUser_Roo_Entity.aj
D:\workspace-sts-2.7.1.RELEASE\git\FreeDaysIntern2\FreeDaysIntern\Sts\freeday\src\main\java\freedays\domain\RegularUser_Roo_Configurable.aj
D:\workspace-sts-2.7.1.RELEASE\git\FreeDaysIntern2\FreeDaysIntern\Sts\freeday\src\main\java\freedays\app\FreeDayVacation_Roo_Entity.aj
D:\workspace-sts-2.7.1.RELEASE\git\FreeDaysIntern2\FreeDaysIntern\Sts\freeday\src\main\java\freedays\app\FDUser.java
D:\workspace-sts-2.7.1.RELEASE\git\FreeDaysIntern2\FreeDaysIntern\Sts\freeday\src\main\java\freedays\validation\CheckChangePassValidator.java
D:\workspace-sts-2.7.1.RELEASE\git\FreeDaysIntern2\FreeDaysIntern\Sts\freeday\src\main\java\freedays\domain\form\UpdateWrapper.java
D:\workspace-sts-2.7.1.RELEASE\git\FreeDaysIntern2\FreeDaysIntern\Sts\freeday\src\main\java\freedays\timesheet\Schedule_Roo_Entity.aj
D:\workspace-sts-2.7.1.RELEASE\git\FreeDaysIntern2\FreeDaysIntern\Sts\freeday\src\main\java\freedays\app\AppStrategL1.java
D:\workspace-sts-2.7.1.RELEASE\git\FreeDaysIntern2\FreeDaysIntern\Sts\freeday\src\main\java\freedays\timesheet\Pattern.java
D:\workspace-sts-2.7.1.RELEASE\git\FreeDaysIntern2\FreeDaysIntern\Sts\freeday\src\main\java\freedays\controller\RegisterController.java
D:\workspace-sts-2.7.1.RELEASE\git\FreeDaysIntern2\FreeDaysIntern\Sts\freeday\src\main\java\freedays\domain\ApprovalStrategy.java
D:\workspace-sts-2.7.1.RELEASE\git\FreeDaysIntern2\FreeDaysIntern\Sts\freeday\src\main\java\freedays\controller\PhaseLaborController_Roo_Controller.aj
D:\workspace-sts-2.7.1.RELEASE\git\FreeDaysIntern2\FreeDaysIntern\Sts\freeday\src\main\java\freedays\util\DateUtils.java
D:\workspace-sts-2.7.1.RELEASE\git\FreeDaysIntern2\FreeDaysIntern\Sts\freeday\src\main\java\freedays\app\form\FreeDayRequestVacation_Roo_JavaBean.aj
D:\workspace-sts-2.7.1.RELEASE\git\FreeDaysIntern2\FreeDaysIntern\Sts\freeday\src\main\java\freedays\util\PhraseUtils.java
D:\workspace-sts-2.7.1.RELEASE\git\FreeDaysIntern2\FreeDaysIntern\Sts\freeday\src\main\java\freedays\timesheet\Schedule.java
D:\workspace-sts-2.7.1.RELEASE\git\FreeDaysIntern2\FreeDaysIntern\Sts\freeday\src\main\java\freedays\app\AppStrategLTop.java
D:\workspace-sts-2.7.1.RELEASE\git\FreeDaysIntern2\FreeDaysIntern\Sts\freeday\src\main\java\freedays\domain\ApplicationRegularUser_Roo_JavaBean.aj
D:\workspace-sts-2.7.1.RELEASE\git\FreeDaysIntern2\FreeDaysIntern\Sts\freeday\src\main\java\freedays\timesheet\LaborBilling_Roo_Entity.aj
D:\workspace-sts-2.7.1.RELEASE\git\FreeDaysIntern2\FreeDaysIntern\Sts\freeday\src\main\java\freedays\security\DeletableEntity.java
D:\workspace-sts-2.7.1.RELEASE\git\FreeDaysIntern2\FreeDaysIntern\Sts\freeday\src\main\java\freedays\controller\FDUserController_Roo_Controller.aj
D:\workspace-sts-2.7.1.RELEASE\git\FreeDaysIntern2\FreeDaysIntern\Sts\freeday\src\main\java\freedays\domain\form\SignupWrapper.java
D:\workspace-sts-2.7.1.RELEASE\git\FreeDaysIntern2\FreeDaysIntern\Sts\freeday\src\main\java\freedays\controller\PhaseLaborController.java
D:\workspace-sts-2.7.1.RELEASE\git\FreeDaysIntern2\FreeDaysIntern\Sts\freeday\src\main\java\freedays\domain\form\ResetPass.java
D:\workspace-sts-2.7.1.RELEASE\git\FreeDaysIntern2\FreeDaysIntern\Sts\freeday\src\main\java\freedays\domain\Admin.java
D:\workspace-sts-2.7.1.RELEASE\git\FreeDaysIntern2\FreeDaysIntern\Sts\freeday\src\main\java\freedays\timesheet\TimesheetUser.java
D:\workspace-sts-2.7.1.RELEASE\git\FreeDaysIntern2\FreeDaysIntern\Sts\freeday\src\main\java\freedays\domain\Admin_Roo_Configurable.aj
D:\workspace-sts-2.7.1.RELEASE\git\FreeDaysIntern2\FreeDaysIntern\Sts\freeday\src\main\java\freedays\app\form\FreeDayReportWrapper_Roo_JavaBean.aj
D:\workspace-sts-2.7.1.RELEASE\git\FreeDaysIntern2\FreeDaysIntern\Sts\freeday\src\main\java\freedays\app\form\FriendlyRequest_Roo_JavaBean.aj
D:\workspace-sts-2.7.1.RELEASE\git\FreeDaysIntern2\FreeDaysIntern\Sts\freeday\src\main\java\freedays\timesheet\PhaseLabor_Roo_ToString.aj
D:\workspace-sts-2.7.1.RELEASE\git\FreeDaysIntern2\FreeDaysIntern\Sts\freeday\src\main\java\freedays\app\FreeDayVacation.java
D:\workspace-sts-2.7.1.RELEASE\git\FreeDaysIntern2\FreeDaysIntern\Sts\freeday\src\main\java\freedays\app\FreeDayRL.java
D:\workspace-sts-2.7.1.RELEASE\git\FreeDaysIntern2\FreeDaysIntern\Sts\freeday\src\main\java\freedays\app\AppStrategLTop_Roo_Entity.aj
D:\workspace-sts-2.7.1.RELEASE\git\FreeDaysIntern2\FreeDaysIntern\Sts\freeday\src\main\java\freedays\timesheet\Pattern_Roo_Entity.aj
D:\workspace-sts-2.7.1.RELEASE\git\FreeDaysIntern2\FreeDaysIntern\Sts\freeday\src\main\java\freedays\timesheet\TimesheetAdmin.java
D:\workspace-sts-2.7.1.RELEASE\git\FreeDaysIntern2\FreeDaysIntern\Sts\freeday\src\main\java\freedays\domain\AdvancedUserRole_Roo_Entity.aj
D:\workspace-sts-2.7.1.RELEASE\git\FreeDaysIntern2\FreeDaysIntern\Sts\freeday\src\main\java\freedays\app\FreeDaysRCMatch_Roo_Configurable.aj
D:\workspace-sts-2.7.1.RELEASE\git\FreeDaysIntern2\FreeDaysIntern\Sts\freeday\src\main\java\freedays\controller\ScheduleController_Roo_Controller.aj
D:\workspace-sts-2.7.1.RELEASE\git\FreeDaysIntern2\FreeDaysIntern\Sts\freeday\src\main\java\freedays\timesheet\Phase_Roo_ToString.aj
D:\workspace-sts-2.7.1.RELEASE\git\FreeDaysIntern2\FreeDaysIntern\Sts\freeday\src\main\java\freedays\timesheet\TimesheetUser_Roo_Entity.aj
D:\workspace-sts-2.7.1.RELEASE\git\FreeDaysIntern2\FreeDaysIntern\Sts\freeday\src\main\java\freedays\app\FreeDay_Roo_Configurable.aj
D:\workspace-sts-2.7.1.RELEASE\git\FreeDaysIntern2\FreeDaysIntern\Sts\freeday\src\main\java\freedays\controller\PhaseController_Roo_Controller.aj
D:\workspace-sts-2.7.1.RELEASE\git\FreeDaysIntern2\FreeDaysIntern\Sts\freeday\src\main\java\freedays\app\FDUser_Roo_JavaBean.aj
D:\workspace-sts-2.7.1.RELEASE\git\FreeDaysIntern2\FreeDaysIntern\Sts\freeday\src\main\java\freedays\app\FreeDayR_Roo_Entity.aj
D:\workspace-sts-2.7.1.RELEASE\git\FreeDaysIntern2\FreeDaysIntern\Sts\freeday\src\main\java\freedays\util\MailUtils.java
D:\workspace-sts-2.7.1.RELEASE\git\FreeDaysIntern2\FreeDaysIntern\Sts\freeday\src\main\java\freedays\app\FreeDayR.java
D:\workspace-sts-2.7.1.RELEASE\git\FreeDaysIntern2\FreeDaysIntern\Sts\freeday\src\main\java\freedays\app\FreeDayNP_Roo_Configurable.aj
D:\workspace-sts-2.7.1.RELEASE\git\FreeDaysIntern2\FreeDaysIntern\Sts\freeday\src\main\java\freedays\controller\RequestController_Roo_JavaBean.aj
D:\workspace-sts-2.7.1.RELEASE\git\FreeDaysIntern2\FreeDaysIntern\Sts\freeday\src\main\java\freedays\timesheet\Schedule_Roo_ToString.aj
D:\workspace-sts-2.7.1.RELEASE\git\FreeDaysIntern2\FreeDaysIntern\Sts\freeday\src\main\java\freedays\timesheet\Phase.java
D:\workspace-sts-2.7.1.RELEASE\git\FreeDaysIntern2\FreeDaysIntern\Sts\freeday\src\main\java\freedays\timesheet\Project_Roo_ToString.aj
D:\workspace-sts-2.7.1.RELEASE\git\FreeDaysIntern2\FreeDaysIntern\Sts\freeday\src\main\java\freedays\app\AppStrategLTop_Roo_Configurable.aj
D:\workspace-sts-2.7.1.RELEASE\git\FreeDaysIntern2\FreeDaysIntern\Sts\freeday\src\main\java\freedays\app\FreeDayRL_Roo_Configurable.aj
D:\workspace-sts-2.7.1.RELEASE\git\FreeDaysIntern2\FreeDaysIntern\Sts\freeday\src\main\java\freedays\domain\form\ChangePassWrapper.java
D:\workspace-sts-2.7.1.RELEASE\git\FreeDaysIntern2\FreeDaysIntern\Sts\freeday\src\main\java\freedays\timesheet\LaborBilling_Roo_JavaBean.aj
D:\workspace-sts-2.7.1.RELEASE\git\FreeDaysIntern2\FreeDaysIntern\Sts\freeday\src\main\java\freedays\util\ValidationUtils.java
D:\workspace-sts-2.7.1.RELEASE\git\FreeDaysIntern2\FreeDaysIntern\Sts\freeday\src\main\java\freedays\validation\CheckUniqueDayPerActiveOrApprovedReqValidator.java
D:\workspace-sts-2.7.1.RELEASE\git\FreeDaysIntern2\FreeDaysIntern\Sts\freeday\src\main\java\freedays\controller\ProjectController_Roo_Controller.aj
D:\workspace-sts-2.7.1.RELEASE\git\FreeDaysIntern2\FreeDaysIntern\Sts\freeday\src\main\java\freedays\domain\ApplicationRegularUser_Roo_Configurable.aj
D:\workspace-sts-2.7.1.RELEASE\git\FreeDaysIntern2\FreeDaysIntern\Sts\freeday\src\main\java\freedays\controller\AuthentificationController_Roo_JavaBean.aj
D:\workspace-sts-2.7.1.RELEASE\git\FreeDaysIntern2\FreeDaysIntern\Sts\freeday\src\main\java\freedays\domain\Request.java
D:\workspace-sts-2.7.1.RELEASE\git\FreeDaysIntern2\FreeDaysIntern\Sts\freeday\src\main\java\freedays\timesheet\ProjPhase.java
D:\workspace-sts-2.7.1.RELEASE\git\FreeDaysIntern2\FreeDaysIntern\Sts\freeday\src\main\java\freedays\timesheet\TimesheetUser_Roo_JavaBean.aj
D:\workspace-sts-2.7.1.RELEASE\git\FreeDaysIntern2\FreeDaysIntern\Sts\freeday\src\main\java\freedays\validation\annotation\ValidChangePass.java
D:\workspace-sts-2.7.1.RELEASE\git\FreeDaysIntern2\FreeDaysIntern\Sts\freeday\src\main\java\freedays\controller\ProjectController.java
D:\workspace-sts-2.7.1.RELEASE\git\FreeDaysIntern2\FreeDaysIntern\Sts\freeday\src\main\java\freedays\domain\ApprovalStrategy_Roo_Configurable.aj
D:\workspace-sts-2.7.1.RELEASE\git\FreeDaysIntern2\FreeDaysIntern\Sts\freeday\src\main\java\freedays\validation\CheckBusinessDayValidator.java
D:\workspace-sts-2.7.1.RELEASE\git\FreeDaysIntern2\FreeDaysIntern\Sts\freeday\src\main\java\freedays\util\ResourceDemo.java
D:\workspace-sts-2.7.1.RELEASE\git\FreeDaysIntern2\FreeDaysIntern\Sts\freeday\src\main\java\freedays\app\FreeDaysRCMatch.java
D:\workspace-sts-2.7.1.RELEASE\git\FreeDaysIntern2\FreeDaysIntern\Sts\freeday\src\main\java\freedays\app\form\FreeDayRequest_Roo_JavaBean.aj
D:\workspace-sts-2.7.1.RELEASE\git\FreeDaysIntern2\FreeDaysIntern\Sts\freeday\src\main\java\freedays\timesheet\TimesheetAdmin_Roo_Configurable.aj
D:\workspace-sts-2.7.1.RELEASE\git\FreeDaysIntern2\FreeDaysIntern\Sts\freeday\src\main\java\freedays\security\UserContextServiceImlp.java
D:\workspace-sts-2.7.1.RELEASE\git\FreeDaysIntern2\FreeDaysIntern\Sts\freeday\src\main\java\freedays\controller\ApplicationConversionServiceFactoryBean.java
D:\workspace-sts-2.7.1.RELEASE\git\FreeDaysIntern2\FreeDaysIntern\Sts\freeday\src\main\java\freedays\domain\form\AdminRegUserUpdate_Roo_JavaBean.aj
D:\workspace-sts-2.7.1.RELEASE\git\FreeDaysIntern2\FreeDaysIntern\Sts\freeday\src\main\java\freedays\app\FreeDayM.java
D:\workspace-sts-2.7.1.RELEASE\git\FreeDaysIntern2\FreeDaysIntern\Sts\freeday\src\main\java\freedays\app\FreeDayR_Roo_Configurable.aj
D:\workspace-sts-2.7.1.RELEASE\git\FreeDaysIntern2\FreeDaysIntern\Sts\freeday\src\main\java\freedays\app\FreeDayVacation_Roo_JavaBean.aj
D:\workspace-sts-2.7.1.RELEASE\git\FreeDaysIntern2\FreeDaysIntern\Sts\freeday\src\main\java\freedays\validation\annotation\UniqueDayPerActiveOrApprovedReq.java
D:\workspace-sts-2.7.1.RELEASE\git\FreeDaysIntern2\FreeDaysIntern\Sts\freeday\src\main\java\freedays\validation\CheckUniqueEmailValidator_Roo_JavaBean.aj
D:\workspace-sts-2.7.1.RELEASE\git\FreeDaysIntern2\FreeDaysIntern\Sts\freeday\src\main\java\freedays\util\PropertiesUtil.java
D:\workspace-sts-2.7.1.RELEASE\git\FreeDaysIntern2\FreeDaysIntern\Sts\freeday\src\main\java\freedays\domain\form\Search.java
D:\workspace-sts-2.7.1.RELEASE\git\FreeDaysIntern2\FreeDaysIntern\Sts\freeday\src\main\java\freedays\validation\CheckWeekendDayValidator.java
D:\workspace-sts-2.7.1.RELEASE\git\FreeDaysIntern2\FreeDaysIntern\Sts\freeday\src\main\java\freedays\validation\RegularUserValidator.java
D:\workspace-sts-2.7.1.RELEASE\git\FreeDaysIntern2\FreeDaysIntern\Sts\freeday\src\main\java\freedays\app\FDAdmin_Roo_Configurable.aj
D:\workspace-sts-2.7.1.RELEASE\git\FreeDaysIntern2\FreeDaysIntern\Sts\freeday\src\main\java\freedays\domain\form\UpdateWrapper_Roo_JavaBean.aj
D:\workspace-sts-2.7.1.RELEASE\git\FreeDaysIntern2\FreeDaysIntern\Sts\freeday\src\main\java\freedays\domain\form\ResetPass_Roo_JavaBean.aj
D:\workspace-sts-2.7.1.RELEASE\git\FreeDaysIntern2\FreeDaysIntern\Sts\freeday\src\main\java\freedays\timesheet\Pattern_Roo_JavaBean.aj
D:\workspace-sts-2.7.1.RELEASE\git\FreeDaysIntern2\FreeDaysIntern\Sts\freeday\src\main\java\freedays\security\CustomPermissionEvaluator.java
D:\workspace-sts-2.7.1.RELEASE\git\FreeDaysIntern2\FreeDaysIntern\Sts\freeday\src\main\java\freedays\controller\RomanianLegislationController_Roo_Controller.aj
D:\workspace-sts-2.7.1.RELEASE\git\FreeDaysIntern2\FreeDaysIntern\Sts\freeday\src\main\java\freedays\security\DeletableEntityAspect.aj
D:\workspace-sts-2.7.1.RELEASE\git\FreeDaysIntern2\FreeDaysIntern\Sts\freeday\src\main\java\freedays\validation\annotation\FreeDaySpecificDateConstraint.java
D:\workspace-sts-2.7.1.RELEASE\git\FreeDaysIntern2\FreeDaysIntern\Sts\freeday\src\main\java\freedays\validation\annotation\SamePass.java
D:\workspace-sts-2.7.1.RELEASE\git\FreeDaysIntern2\FreeDaysIntern\Sts\freeday\src\main\java\freedays\domain\RequestGranter_Roo_Entity.aj
D:\workspace-sts-2.7.1.RELEASE\git\FreeDaysIntern2\FreeDaysIntern\Sts\freeday\src\main\java\freedays\controller\LaborBillingController_Roo_Controller.aj
D:\workspace-sts-2.7.1.RELEASE\git\FreeDaysIntern2\FreeDaysIntern\Sts\freeday\src\main\java\freedays\controller\ReportController.java
D:\workspace-sts-2.7.1.RELEASE\git\FreeDaysIntern2\FreeDaysIntern\Sts\freeday\src\main\java\freedays\domain\RequestGranter_Roo_Configurable.aj
D:\workspace-sts-2.7.1.RELEASE\git\FreeDaysIntern2\FreeDaysIntern\Sts\freeday\src\main\java\freedays\domain\form\AdminRegUserUpdate.java
D:\workspace-sts-2.7.1.RELEASE\git\FreeDaysIntern2\FreeDaysIntern\Sts\freeday\src\main\java\freedays\controller\PatternController_Roo_Controller.aj
D:\workspace-sts-2.7.1.RELEASE\git\FreeDaysIntern2\FreeDaysIntern\Sts\freeday\src\main\java\freedays\timesheet\POIGenerator.java
D:\workspace-sts-2.7.1.RELEASE\git\FreeDaysIntern2\FreeDaysIntern\Sts\freeday\src\main\java\freedays\app\FreeDayC_Roo_JavaBean.aj
D:\workspace-sts-2.7.1.RELEASE\git\FreeDaysIntern2\FreeDaysIntern\Sts\freeday\src\main\java\freedays\controller\RomanianLegislationController.java
D:\workspace-sts-2.7.1.RELEASE\git\FreeDaysIntern2\FreeDaysIntern\Sts\freeday\src\main\java\freedays\app\FreeDayL_Roo_Entity.aj
D:\workspace-sts-2.7.1.RELEASE\git\FreeDaysIntern2\FreeDaysIntern\Sts\freeday\src\main\java\freedays\timesheet\Pattern_Roo_Configurable.aj
