-XnoInline
-encoding
UTF-8
-outxml
-source
1.6
-target
1.6
-verbose
-classpath
C:\Users\osuciu\.m2\repository\antlr\antlr\2.7.6\antlr-2.7.6.jar;C:\Users\osuciu\.m2\repository\aopalliance\aopalliance\1.0\aopalliance-1.0.jar;C:\Users\osuciu\.m2\repository\avalon-framework\avalon-framework\4.1.3\avalon-framework-4.1.3.jar;C:\Users\osuciu\.m2\repository\cglib\cglib-nodep\2.2\cglib-nodep-2.2.jar;C:\Users\osuciu\.m2\repository\commons-beanutils\commons-beanutils\1.8.0\commons-beanutils-1.8.0.jar;C:\Users\osuciu\.m2\repository\commons-codec\commons-codec\1.4\commons-codec-1.4.jar;C:\Users\osuciu\.m2\repository\commons-collections\commons-collections\3.1\commons-collections-3.1.jar;C:\Users\osuciu\.m2\repository\commons-dbcp\commons-dbcp\20030825.184428\commons-dbcp-20030825.184428.jar;C:\Users\osuciu\.m2\repository\commons-digester\commons-digester\2.0\commons-digester-2.0.jar;C:\Users\osuciu\.m2\repository\commons-fileupload\commons-fileupload\1.2.1\commons-fileupload-1.2.1.jar;C:\Users\osuciu\.m2\repository\commons-io\commons-io\1.3\commons-io-1.3.jar;C:\Users\osuciu\.m2\repository\commons-logging\commons-logging\1.1\commons-logging-1.1.jar;C:\Users\osuciu\.m2\repository\commons-pool\commons-pool\1.5.4\commons-pool-1.5.4.jar;C:\Users\osuciu\.m2\repository\dom4j\dom4j\1.6.1\dom4j-1.6.1.jar;C:\Users\osuciu\.m2\repository\javassist\javassist\3.12.0.GA\javassist-3.12.0.GA.jar;C:\Users\osuciu\.m2\repository\javax\activation\activation\1.1\activation-1.1.jar;C:\Users\osuciu\.m2\repository\javax\el\el-api\1.0\el-api-1.0.jar;C:\Users\osuciu\.m2\repository\javax\mail\mail\1.4\mail-1.4.jar;C:\Users\osuciu\.m2\repository\javax\servlet\jstl\1.2\jstl-1.2.jar;C:\Users\osuciu\.m2\repository\javax\servlet\servlet-api\2.5\servlet-api-2.5.jar;C:\Users\osuciu\.m2\repository\javax\servlet\jsp\jsp-api\2.1\jsp-api-2.1.jar;C:\Users\osuciu\.m2\repository\javax\servlet\jsp\jstl\jstl-api\1.2\jstl-api-1.2.jar;C:\Users\osuciu\.m2\repository\javax\servlet\jsp\jstl\jstl-api\1.2\jstl-api-1.2.jar;C:\Users\osuciu\.m2\repository\javax\transaction\jta\1.1\jta-1.1.jar;C:\Users\osuciu\.m2\repository\javax\validation\validation-api\1.0.0.GA\validation-api-1.0.0.GA.jar;C:\Users\osuciu\.m2\repository\joda-time\joda-time\1.6\joda-time-1.6.jar;C:\Users\osuciu\.m2\repository\log4j\log4j\1.2.16\log4j-1.2.16.jar;C:\Users\osuciu\.m2\repository\logkit\logkit\1.0.1\logkit-1.0.1.jar;C:\Users\osuciu\.m2\repository\mysql\mysql-connector-java\5.1.17\mysql-connector-java-5.1.17.jar;C:\Users\osuciu\.m2\repository\net\sf\flexjson\flexjson\2.1\flexjson-2.1.jar;C:\Users\osuciu\.m2\repository\org\apache\poi\poi\3.7\poi-3.7.jar;C:\Users\osuciu\.m2\repository\org\apache\tiles\tiles-api\2.2.1\tiles-api-2.2.1.jar;C:\Users\osuciu\.m2\repository\org\apache\tiles\tiles-core\2.2.1\tiles-core-2.2.1.jar;C:\Users\osuciu\.m2\repository\org\apache\tiles\tiles-jsp\2.2.1\tiles-jsp-2.2.1.jar;C:\Users\osuciu\.m2\repository\org\apache\tiles\tiles-servlet\2.2.1\tiles-servlet-2.2.1.jar;C:\Users\osuciu\.m2\repository\org\apache\tiles\tiles-template\2.2.1\tiles-template-2.2.1.jar;C:\Users\osuciu\.m2\repository\org\aspectj\aspectjrt\1.6.11\aspectjrt-1.6.11.jar;C:\Users\osuciu\.m2\repository\org\aspectj\aspectjweaver\1.6.11\aspectjweaver-1.6.11.jar;C:\Users\osuciu\.m2\repository\org\glassfish\web\jstl-impl\1.2\jstl-impl-1.2.jar;C:\Users\osuciu\.m2\repository\org\glassfish\web\jstl-impl\1.2\jstl-impl-1.2.jar;C:\Users\osuciu\.m2\repository\org\hibernate\hibernate-commons-annotations\3.2.0.Final\hibernate-commons-annotations-3.2.0.Final.jar;C:\Users\osuciu\.m2\repository\org\hibernate\hibernate-core\3.6.3.Final\hibernate-core-3.6.3.Final.jar;C:\Users\osuciu\.m2\repository\org\hibernate\hibernate-entitymanager\3.6.3.Final\hibernate-entitymanager-3.6.3.Final.jar;C:\Users\osuciu\.m2\repository\org\hibernate\hibernate-validator\4.1.0.Final\hibernate-validator-4.1.0.Final.jar;C:\Users\osuciu\.m2\repository\org\hibernate\javax\persistence\hibernate-jpa-2.0-api\1.0.0.Final\hibernate-jpa-2.0-api-1.0.0.Final.jar;C:\Users\osuciu\.m2\repository\org\hsqldb\hsqldb\1.8.0.10\hsqldb-1.8.0.10.jar;C:\Users\osuciu\.m2\repository\org\mongodb\mongo-java-driver\2.5.3\mongo-java-driver-2.5.3.jar;C:\Users\osuciu\.m2\repository\org\slf4j\jcl-over-slf4j\1.6.1\jcl-over-slf4j-1.6.1.jar;C:\Users\osuciu\.m2\repository\org\slf4j\slf4j-api\1.6.1\slf4j-api-1.6.1.jar;C:\Users\osuciu\.m2\repository\org\slf4j\slf4j-log4j12\1.6.1\slf4j-log4j12-1.6.1.jar;C:\Users\osuciu\.m2\repository\org\springframework\spring-aop\3.0.5.RELEASE\spring-aop-3.0.5.RELEASE.jar;C:\Users\osuciu\.m2\repository\org\springframework\spring-asm\3.0.5.RELEASE\spring-asm-3.0.5.RELEASE.jar;C:\Users\osuciu\.m2\repository\org\springframework\spring-aspects\3.0.5.RELEASE\spring-aspects-3.0.5.RELEASE.jar;C:\Users\osuciu\.m2\repository\org\springframework\spring-beans\3.0.5.RELEASE\spring-beans-3.0.5.RELEASE.jar;C:\Users\osuciu\.m2\repository\org\springframework\spring-context\3.0.5.RELEASE\spring-context-3.0.5.RELEASE.jar;C:\Users\osuciu\.m2\repository\org\springframework\spring-context-support\3.0.5.RELEASE\spring-context-support-3.0.5.RELEASE.jar;C:\Users\osuciu\.m2\repository\org\springframework\spring-core\3.0.5.RELEASE\spring-core-3.0.5.RELEASE.jar;C:\Users\osuciu\.m2\repository\org\springframework\spring-expression\3.0.5.RELEASE\spring-expression-3.0.5.RELEASE.jar;C:\Users\osuciu\.m2\repository\org\springframework\spring-jdbc\3.0.5.RELEASE\spring-jdbc-3.0.5.RELEASE.jar;C:\Users\osuciu\.m2\repository\org\springframework\spring-mock\2.0.8\spring-mock-2.0.8.jar;C:\Users\osuciu\.m2\repository\org\springframework\spring-orm\3.0.5.RELEASE\spring-orm-3.0.5.RELEASE.jar;C:\Users\osuciu\.m2\repository\org\springframework\spring-tx\3.0.5.RELEASE\spring-tx-3.0.5.RELEASE.jar;C:\Users\osuciu\.m2\repository\org\springframework\spring-web\3.0.5.RELEASE\spring-web-3.0.5.RELEASE.jar;C:\Users\osuciu\.m2\repository\org\springframework\spring-webmvc\3.0.5.RELEASE\spring-webmvc-3.0.5.RELEASE.jar;C:\Users\osuciu\.m2\repository\org\springframework\data\spring-data-commons-core\1.1.0.M1\spring-data-commons-core-1.1.0.M1.jar;C:\Users\osuciu\.m2\repository\org\springframework\data\spring-data-mongodb\1.0.0.M3\spring-data-mongodb-1.0.0.M3.jar;C:\Users\osuciu\.m2\repository\org\springframework\roo\org.springframework.roo.annotations\1.1.5.RELEASE\org.springframework.roo.annotations-1.1.5.RELEASE.jar;C:\Users\osuciu\.m2\repository\org\springframework\security\spring-security-acl\3.0.5.RELEASE\spring-security-acl-3.0.5.RELEASE.jar;C:\Users\osuciu\.m2\repository\org\springframework\security\spring-security-config\3.0.5.RELEASE\spring-security-config-3.0.5.RELEASE.jar;C:\Users\osuciu\.m2\repository\org\springframework\security\spring-security-core\3.0.5.RELEASE\spring-security-core-3.0.5.RELEASE.jar;C:\Users\osuciu\.m2\repository\org\springframework\security\spring-security-taglibs\3.0.5.RELEASE\spring-security-taglibs-3.0.5.RELEASE.jar;C:\Users\osuciu\.m2\repository\org\springframework\security\spring-security-web\3.0.5.RELEASE\spring-security-web-3.0.5.RELEASE.jar;C:\Users\osuciu\.m2\repository\org\springframework\webflow\spring-js-resources\2.2.1.RELEASE\spring-js-resources-2.2.1.RELEASE.jar;c:\Users\osuciu\git\FreeDaysInternOkta\Sts\freeday\target\classes
-aspectpath
C:\Users\osuciu\.m2\repository\org\springframework\spring-aspects\3.0.5.RELEASE\spring-aspects-3.0.5.RELEASE.jar
-d
c:\Users\osuciu\git\FreeDaysInternOkta\Sts\freeday\target\classes
c:\Users\osuciu\git\FreeDaysInternOkta\Sts\freeday\src\main\java\freedays\domain\form\AdminRegUserUpdate_Roo_JavaBean.aj
c:\Users\osuciu\git\FreeDaysInternOkta\Sts\freeday\src\main\java\freedays\controller\RomanianLegislationController.java
c:\Users\osuciu\git\FreeDaysInternOkta\Sts\freeday\src\main\java\freedays\controller\RequestController_Roo_Controller.aj
c:\Users\osuciu\git\FreeDaysInternOkta\Sts\freeday\src\main\java\freedays\app\FreeDayInterval_Roo_ToString.aj
c:\Users\osuciu\git\FreeDaysInternOkta\Sts\freeday\src\main\java\freedays\timesheet\TimesheetUser_Roo_Entity.aj
c:\Users\osuciu\git\FreeDaysInternOkta\Sts\freeday\src\main\java\freedays\app\FreeDayInterval_Roo_Configurable.aj
c:\Users\osuciu\git\FreeDaysInternOkta\Sts\freeday\src\main\java\freedays\app\form\FriendlyRequest.java
c:\Users\osuciu\git\FreeDaysInternOkta\Sts\freeday\src\main\java\freedays\mongo\PersonRepository.java
c:\Users\osuciu\git\FreeDaysInternOkta\Sts\freeday\src\main\java\freedays\security\InfoChanger_Roo_Entity.aj
c:\Users\osuciu\git\FreeDaysInternOkta\Sts\freeday\src\main\java\freedays\timesheet\PhaseLabor_Roo_Configurable.aj
c:\Users\osuciu\git\FreeDaysInternOkta\Sts\freeday\src\main\java\freedays\timesheet\Schedule_Roo_ToString.aj
c:\Users\osuciu\git\FreeDaysInternOkta\Sts\freeday\src\main\java\freedays\app\FreeDayC_Roo_JavaBean.aj
c:\Users\osuciu\git\FreeDaysInternOkta\Sts\freeday\src\main\java\freedays\timesheet\Schedule.java
c:\Users\osuciu\git\FreeDaysInternOkta\Sts\freeday\src\main\java\freedays\app\RequestStatus.java
c:\Users\osuciu\git\FreeDaysInternOkta\Sts\freeday\src\main\java\freedays\timesheet\Phase_Roo_JavaBean.aj
c:\Users\osuciu\git\FreeDaysInternOkta\Sts\freeday\src\main\java\freedays\schedule\FreeDayScheduleServiceImpl.java
c:\Users\osuciu\git\FreeDaysInternOkta\Sts\freeday\src\main\java\freedays\controller\ProfileController.java
c:\Users\osuciu\git\FreeDaysInternOkta\Sts\freeday\src\main\java\freedays\mongo\DailyReportRepository_Roo_JavaBean.aj
c:\Users\osuciu\git\FreeDaysInternOkta\Sts\freeday\src\main\java\freedays\app\AppStrategLTop.java
c:\Users\osuciu\git\FreeDaysInternOkta\Sts\freeday\src\main\java\freedays\app\FreeDaysRCMatch.java
c:\Users\osuciu\git\FreeDaysInternOkta\Sts\freeday\src\main\java\freedays\app\FreeDayC_Roo_Configurable.aj
c:\Users\osuciu\git\FreeDaysInternOkta\Sts\freeday\src\main\java\freedays\app\FreeDayR_Roo_JavaBean.aj
c:\Users\osuciu\git\FreeDaysInternOkta\Sts\freeday\src\main\java\freedays\app\FreeDayRL_Roo_JavaBean.aj
c:\Users\osuciu\git\FreeDaysInternOkta\Sts\freeday\src\main\java\freedays\timesheet\Schedule_Roo_Entity.aj
c:\Users\osuciu\git\FreeDaysInternOkta\Sts\freeday\src\main\java\freedays\controller\RegisterController_Roo_JavaBean.aj
c:\Users\osuciu\git\FreeDaysInternOkta\Sts\freeday\src\main\java\freedays\security\UserContextServiceImlp.java
c:\Users\osuciu\git\FreeDaysInternOkta\Sts\freeday\src\main\java\freedays\validation\CheckSameTokenPassValidator.java
c:\Users\osuciu\git\FreeDaysInternOkta\Sts\freeday\src\main\java\freedays\validation\annotation\UniqueDayPerActiveOrApprovedReq.java
c:\Users\osuciu\git\FreeDaysInternOkta\Sts\freeday\src\main\java\freedays\app\FreeDayL.java
c:\Users\osuciu\git\FreeDaysInternOkta\Sts\freeday\src\main\java\freedays\app\FDUser.java
c:\Users\osuciu\git\FreeDaysInternOkta\Sts\freeday\src\main\java\freedays\app\HRManagement_Roo_Configurable.aj
c:\Users\osuciu\git\FreeDaysInternOkta\Sts\freeday\src\main\java\freedays\controller\PhaseLaborController_Roo_Controller.aj
c:\Users\osuciu\git\FreeDaysInternOkta\Sts\freeday\src\main\java\freedays\timesheet\LaborBilling_Roo_JavaBean.aj
c:\Users\osuciu\git\FreeDaysInternOkta\Sts\freeday\src\main\java\freedays\domain\RequestGranter_Roo_Entity.aj
c:\Users\osuciu\git\FreeDaysInternOkta\Sts\freeday\src\main\java\freedays\domain\Request_Roo_Configurable.aj
c:\Users\osuciu\git\FreeDaysInternOkta\Sts\freeday\src\main\java\freedays\app\FDUser_Roo_Configurable.aj
c:\Users\osuciu\git\FreeDaysInternOkta\Sts\freeday\src\main\java\freedays\app\AppStrategL1_Roo_Configurable.aj
c:\Users\osuciu\git\FreeDaysInternOkta\Sts\freeday\src\main\java\freedays\mongo\DailyReportRepository.java
c:\Users\osuciu\git\FreeDaysInternOkta\Sts\freeday\src\main\java\freedays\app\form\FreeDayUserList_Roo_JavaBean.aj
c:\Users\osuciu\git\FreeDaysInternOkta\Sts\freeday\src\main\java\freedays\controller\RequestController_Roo_JavaBean.aj
c:\Users\osuciu\git\FreeDaysInternOkta\Sts\freeday\src\main\java\freedays\app\AppStrategLTop_Roo_Entity.aj
c:\Users\osuciu\git\FreeDaysInternOkta\Sts\freeday\src\main\java\freedays\app\FreeDay_Roo_Entity.aj
c:\Users\osuciu\git\FreeDaysInternOkta\Sts\freeday\src\main\java\freedays\security\DeletableEntity.java
c:\Users\osuciu\git\FreeDaysInternOkta\Sts\freeday\src\main\java\freedays\controller\AccountController_Roo_JavaBean.aj
c:\Users\osuciu\git\FreeDaysInternOkta\Sts\freeday\src\main\java\freedays\app\form\FreeDayRequest.java
c:\Users\osuciu\git\FreeDaysInternOkta\Sts\freeday\src\main\java\freedays\app\FreeDayInterval_Roo_JavaBean.aj
c:\Users\osuciu\git\FreeDaysInternOkta\Sts\freeday\src\main\java\freedays\domain\Document_Roo_Configurable.aj
c:\Users\osuciu\git\FreeDaysInternOkta\Sts\freeday\src\main\java\freedays\app\FreeDayR_Roo_Configurable.aj
c:\Users\osuciu\git\FreeDaysInternOkta\Sts\freeday\src\main\java\logging\LoggerA.aj
c:\Users\osuciu\git\FreeDaysInternOkta\Sts\freeday\src\main\java\freedays\validation\RegularUserValidator.java
c:\Users\osuciu\git\FreeDaysInternOkta\Sts\freeday\src\main\java\freedays\validation\CheckChangePassValidator.java
c:\Users\osuciu\git\FreeDaysInternOkta\Sts\freeday\src\main\java\freedays\app\form\FriendlyRequest_Roo_JavaBean.aj
c:\Users\osuciu\git\FreeDaysInternOkta\Sts\freeday\src\main\java\freedays\validation\annotation\SamePass.java
c:\Users\osuciu\git\FreeDaysInternOkta\Sts\freeday\src\main\java\freedays\schedule\FreeDayScheduleServiceImpl_Roo_JavaBean.aj
c:\Users\osuciu\git\FreeDaysInternOkta\Sts\freeday\src\main\java\freedays\timesheet\TimesheetAdmin_Roo_Entity.aj
c:\Users\osuciu\git\FreeDaysInternOkta\Sts\freeday\src\main\java\freedays\domain\form\Search.java
c:\Users\osuciu\git\FreeDaysInternOkta\Sts\freeday\src\main\java\freedays\security\InfoChanger.java
c:\Users\osuciu\git\FreeDaysInternOkta\Sts\freeday\src\main\java\freedays\domain\form\UpdateWrapper.java
c:\Users\osuciu\git\FreeDaysInternOkta\Sts\freeday\src\main\java\freedays\domain\Profile_Roo_Configurable.aj
c:\Users\osuciu\git\FreeDaysInternOkta\Sts\freeday\src\main\java\freedays\app\FreeDayVacation.java
c:\Users\osuciu\git\FreeDaysInternOkta\Sts\freeday\src\main\java\freedays\domain\Profile.java
c:\Users\osuciu\git\FreeDaysInternOkta\Sts\freeday\src\main\java\freedays\domain\Document.java
c:\Users\osuciu\git\FreeDaysInternOkta\Sts\freeday\src\main\java\freedays\app\FDAdmin_Roo_Configurable.aj
c:\Users\osuciu\git\FreeDaysInternOkta\Sts\freeday\src\main\java\freedays\timesheet\Pattern_Roo_Configurable.aj
c:\Users\osuciu\git\FreeDaysInternOkta\Sts\freeday\src\main\java\freedays\timesheet\PhaseLabor_Roo_JavaBean.aj
c:\Users\osuciu\git\FreeDaysInternOkta\Sts\freeday\src\main\java\freedays\controller\ScheduleController_Roo_Controller.aj
c:\Users\osuciu\git\FreeDaysInternOkta\Sts\freeday\src\main\java\freedays\app\FreeDayVacation_Roo_Configurable.aj
c:\Users\osuciu\git\FreeDaysInternOkta\Sts\freeday\src\main\java\freedays\util\MailUtils.java
c:\Users\osuciu\git\FreeDaysInternOkta\Sts\freeday\src\main\java\freedays\domain\Request_Roo_JavaBean.aj
c:\Users\osuciu\git\FreeDaysInternOkta\Sts\freeday\src\main\java\freedays\mongo\domain\Person.java
c:\Users\osuciu\git\FreeDaysInternOkta\Sts\freeday\src\main\java\freedays\timesheet\Project_Roo_JavaBean.aj
c:\Users\osuciu\git\FreeDaysInternOkta\Sts\freeday\src\main\java\freedays\app\AppStrategLTop_Roo_ToString.aj
c:\Users\osuciu\git\FreeDaysInternOkta\Sts\freeday\src\main\java\freedays\util\ValidationUtils.java
c:\Users\osuciu\git\FreeDaysInternOkta\Sts\freeday\src\main\java\freedays\app\FreeDayR_Roo_Entity.aj
c:\Users\osuciu\git\FreeDaysInternOkta\Sts\freeday\src\main\java\freedays\app\FreeDayNP.java
c:\Users\osuciu\git\FreeDaysInternOkta\Sts\freeday\src\main\java\freedays\domain\Admin_Roo_Configurable.aj
c:\Users\osuciu\git\FreeDaysInternOkta\Sts\freeday\src\main\java\freedays\domain\AdvancedUserRole_Roo_Configurable.aj
c:\Users\osuciu\git\FreeDaysInternOkta\Sts\freeday\src\main\java\freedays\timesheet\TimesheetUser_Roo_Configurable.aj
c:\Users\osuciu\git\FreeDaysInternOkta\Sts\freeday\src\main\java\freedays\controller\AuthentificationController_Roo_JavaBean.aj
c:\Users\osuciu\git\FreeDaysInternOkta\Sts\freeday\src\main\java\freedays\app\FreeDayRL.java
c:\Users\osuciu\git\FreeDaysInternOkta\Sts\freeday\src\main\java\freedays\domain\Request.java
c:\Users\osuciu\git\FreeDaysInternOkta\Sts\freeday\src\main\java\freedays\controller\RegisterController.java
c:\Users\osuciu\git\FreeDaysInternOkta\Sts\freeday\src\main\java\freedays\domain\Admin.java
c:\Users\osuciu\git\FreeDaysInternOkta\Sts\freeday\src\main\java\freedays\app\form\FreeDayReportWrapper.java
c:\Users\osuciu\git\FreeDaysInternOkta\Sts\freeday\src\main\java\freedays\security\InfoChanger_Roo_Configurable.aj
c:\Users\osuciu\git\FreeDaysInternOkta\Sts\freeday\src\main\java\freedays\domain\Profile_Roo_Entity.aj
c:\Users\osuciu\git\FreeDaysInternOkta\Sts\freeday\src\main\java\freedays\domain\RequestGranter_Roo_Configurable.aj
c:\Users\osuciu\git\FreeDaysInternOkta\Sts\freeday\src\main\java\freedays\security\DeletableEntityAspect.aj
c:\Users\osuciu\git\FreeDaysInternOkta\Sts\freeday\src\main\java\freedays\controller\RegularUserController.java
c:\Users\osuciu\git\FreeDaysInternOkta\Sts\freeday\src\main\java\freedays\app\FreeDayL_Roo_Configurable.aj
c:\Users\osuciu\git\FreeDaysInternOkta\Sts\freeday\src\main\java\freedays\app\FreeDayRL_Roo_Configurable.aj
c:\Users\osuciu\git\FreeDaysInternOkta\Sts\freeday\src\main\java\freedays\app\FreeDaysRCMatch_Roo_Configurable.aj
c:\Users\osuciu\git\FreeDaysInternOkta\Sts\freeday\src\main\java\freedays\domain\form\ChangePassWrapper.java
c:\Users\osuciu\git\FreeDaysInternOkta\Sts\freeday\src\main\java\freedays\app\FreeDayNP_Roo_Entity.aj
c:\Users\osuciu\git\FreeDaysInternOkta\Sts\freeday\src\main\java\freedays\timesheet\Project_Roo_Configurable.aj
c:\Users\osuciu\git\FreeDaysInternOkta\Sts\freeday\src\main\java\freedays\domain\AdvancedUserRole_Roo_Entity.aj
c:\Users\osuciu\git\FreeDaysInternOkta\Sts\freeday\src\main\java\freedays\app\form\FreeDayReportWrapper_Roo_JavaBean.aj
c:\Users\osuciu\git\FreeDaysInternOkta\Sts\freeday\src\main\java\freedays\controller\LaborBillingController_Roo_Controller.aj
c:\Users\osuciu\git\FreeDaysInternOkta\Sts\freeday\src\main\java\freedays\controller\AuthentificationController.java
c:\Users\osuciu\git\FreeDaysInternOkta\Sts\freeday\src\main\java\freedays\controller\RequestController.java
c:\Users\osuciu\git\FreeDaysInternOkta\Sts\freeday\src\main\java\freedays\app\AppStrategL1.java
c:\Users\osuciu\git\FreeDaysInternOkta\Sts\freeday\src\main\java\freedays\controller\ProjectController_Roo_Controller.aj
c:\Users\osuciu\git\FreeDaysInternOkta\Sts\freeday\src\main\java\freedays\domain\form\SignupWrapper_Roo_JavaBean.aj
c:\Users\osuciu\git\FreeDaysInternOkta\Sts\freeday\src\main\java\freedays\controller\RegularUserController_Roo_Controller.aj
c:\Users\osuciu\git\FreeDaysInternOkta\Sts\freeday\src\main\java\freedays\controller\ScheduleController.java
c:\Users\osuciu\git\FreeDaysInternOkta\Sts\freeday\src\main\java\freedays\app\FreeDayFactory.java
c:\Users\osuciu\git\FreeDaysInternOkta\Sts\freeday\src\main\java\freedays\domain\Admin_Roo_Entity.aj
c:\Users\osuciu\git\FreeDaysInternOkta\Sts\freeday\src\main\java\freedays\controller\PhaseController.java
c:\Users\osuciu\git\FreeDaysInternOkta\Sts\freeday\src\main\java\freedays\mongo\domain\DailyReport.java
c:\Users\osuciu\git\FreeDaysInternOkta\Sts\freeday\src\main\java\freedays\validation\CheckSpecialWeekdayValidator.java
c:\Users\osuciu\git\FreeDaysInternOkta\Sts\freeday\src\main\java\freedays\domain\ApprovalStrategy.java
c:\Users\osuciu\git\FreeDaysInternOkta\Sts\freeday\src\main\java\freedays\domain\form\ChangePassTokenWrapper_Roo_JavaBean.aj
c:\Users\osuciu\git\FreeDaysInternOkta\Sts\freeday\src\main\java\freedays\validation\CheckUniqueVacationPerActiveOrApprovedReqValidator_Roo_JavaBean.aj
c:\Users\osuciu\git\FreeDaysInternOkta\Sts\freeday\src\main\java\freedays\app\FreeDay_Roo_Configurable.aj
c:\Users\osuciu\git\FreeDaysInternOkta\Sts\freeday\src\main\java\freedays\domain\form\ResetPass.java
c:\Users\osuciu\git\FreeDaysInternOkta\Sts\freeday\src\main\java\freedays\domain\Profile_Roo_JavaBean.aj
c:\Users\osuciu\git\FreeDaysInternOkta\Sts\freeday\src\main\java\freedays\timesheet\Phase.java
c:\Users\osuciu\git\FreeDaysInternOkta\Sts\freeday\src\main\java\freedays\app\FreeDayC_Roo_Entity.aj
c:\Users\osuciu\git\FreeDaysInternOkta\Sts\freeday\src\main\java\freedays\app\FDAdmin.java
c:\Users\osuciu\git\FreeDaysInternOkta\Sts\freeday\src\main\java\freedays\controller\PhaseLaborController.java
c:\Users\osuciu\git\FreeDaysInternOkta\Sts\freeday\src\main\java\freedays\timesheet\PhaseLabor_Roo_Entity.aj
c:\Users\osuciu\git\FreeDaysInternOkta\Sts\freeday\src\main\java\freedays\timesheet\WeekConstants.java
c:\Users\osuciu\git\FreeDaysInternOkta\Sts\freeday\src\main\java\freedays\timesheet\LaborBilling_Roo_ToString.aj
c:\Users\osuciu\git\FreeDaysInternOkta\Sts\freeday\src\main\java\freedays\app\FDUser_Roo_JavaBean.aj
c:\Users\osuciu\git\FreeDaysInternOkta\Sts\freeday\src\main\java\freedays\domain\form\AdminRegUserUpdate.java
c:\Users\osuciu\git\FreeDaysInternOkta\Sts\freeday\src\main\java\freedays\validation\annotation\FreeDaySpecificDateConstraint.java
c:\Users\osuciu\git\FreeDaysInternOkta\Sts\freeday\src\main\java\freedays\app\FreeDaysRCMatch_Roo_Entity.aj
c:\Users\osuciu\git\FreeDaysInternOkta\Sts\freeday\src\main\java\freedays\security\InfoChanger_Roo_JavaBean.aj
c:\Users\osuciu\git\FreeDaysInternOkta\Sts\freeday\src\main\java\freedays\app\FreeDayInterval_Roo_Entity.aj
c:\Users\osuciu\git\FreeDaysInternOkta\Sts\freeday\src\main\java\freedays\security\CustomPermissionEvaluator.java
c:\Users\osuciu\git\FreeDaysInternOkta\Sts\freeday\src\main\java\freedays\app\FDUser_Roo_Entity.aj
c:\Users\osuciu\git\FreeDaysInternOkta\Sts\freeday\src\main\java\freedays\validation\annotation\SpecialWeekday.java
c:\Users\osuciu\git\FreeDaysInternOkta\Sts\freeday\src\main\java\freedays\validation\annotation\UniqueEmail.java
c:\Users\osuciu\git\FreeDaysInternOkta\Sts\freeday\src\main\java\freedays\app\form\FreeDayUserList.java
c:\Users\osuciu\git\FreeDaysInternOkta\Sts\freeday\src\main\java\freedays\domain\form\SignupWrapper.java
c:\Users\osuciu\git\FreeDaysInternOkta\Sts\freeday\src\main\java\freedays\app\FreeDayInterval.java
c:\Users\osuciu\git\FreeDaysInternOkta\Sts\freeday\src\main\java\freedays\app\FreeDayM_Roo_Configurable.aj
c:\Users\osuciu\git\FreeDaysInternOkta\Sts\freeday\src\main\java\freedays\timesheet\FreeDayAbstraction.java
c:\Users\osuciu\git\FreeDaysInternOkta\Sts\freeday\src\main\java\freedays\controller\PatternController_Roo_Controller.aj
c:\Users\osuciu\git\FreeDaysInternOkta\Sts\freeday\src\main\java\freedays\util\ResourceDemo.java
c:\Users\osuciu\git\FreeDaysInternOkta\Sts\freeday\src\main\java\freedays\controller\TimesheetController.java
c:\Users\osuciu\git\FreeDaysInternOkta\Sts\freeday\src\main\java\freedays\validation\CheckSamePassValidator.java
c:\Users\osuciu\git\FreeDaysInternOkta\Sts\freeday\src\main\java\freedays\validation\CheckUniqueDayPerActiveOrApprovedReqValidator.java
c:\Users\osuciu\git\FreeDaysInternOkta\Sts\freeday\src\main\java\freedays\domain\form\ChangePassWrapper_Roo_JavaBean.aj
c:\Users\osuciu\git\FreeDaysInternOkta\Sts\freeday\src\main\java\freedays\app\form\FreeDayRequestInterval.java
c:\Users\osuciu\git\FreeDaysInternOkta\Sts\freeday\src\main\java\freedays\domain\ApprovalStrategy_Roo_Entity.aj
c:\Users\osuciu\git\FreeDaysInternOkta\Sts\freeday\src\main\java\freedays\domain\form\UpdateWrapper_Roo_JavaBean.aj
c:\Users\osuciu\git\FreeDaysInternOkta\Sts\freeday\src\main\java\freedays\security\InfoChanger_Roo_ToString.aj
c:\Users\osuciu\git\FreeDaysInternOkta\Sts\freeday\src\main\java\freedays\timesheet\TimesheetAdmin_Roo_Configurable.aj
c:\Users\osuciu\git\FreeDaysInternOkta\Sts\freeday\src\main\java\freedays\app\FreeDayM.java
c:\Users\osuciu\git\FreeDaysInternOkta\Sts\freeday\src\main\java\freedays\controller\ApplicationConversionServiceFactoryBean_Roo_ConversionService.aj
c:\Users\osuciu\git\FreeDaysInternOkta\Sts\freeday\src\main\java\freedays\domain\ApplicationRegularUser.java
c:\Users\osuciu\git\FreeDaysInternOkta\Sts\freeday\src\main\java\freedays\mongo\MongoDBApp.java
c:\Users\osuciu\git\FreeDaysInternOkta\Sts\freeday\src\main\java\freedays\validation\annotation\SameTokenPass.java
c:\Users\osuciu\git\FreeDaysInternOkta\Sts\freeday\src\main\java\freedays\domain\RequestGranter.java
c:\Users\osuciu\git\FreeDaysInternOkta\Sts\freeday\src\main\java\freedays\timesheet\PhaseLabor.java
c:\Users\osuciu\git\FreeDaysInternOkta\Sts\freeday\src\main\java\freedays\validation\CheckWeekendDayValidator.java
c:\Users\osuciu\git\FreeDaysInternOkta\Sts\freeday\src\main\java\freedays\controller\ProfileController_Roo_Controller.aj
c:\Users\osuciu\git\FreeDaysInternOkta\Sts\freeday\src\main\java\freedays\mongo\MongoDBApp_Roo_JavaBean.aj
c:\Users\osuciu\git\FreeDaysInternOkta\Sts\freeday\src\main\java\freedays\app\form\FreeDayRequestInterval_Roo_JavaBean.aj
c:\Users\osuciu\git\FreeDaysInternOkta\Sts\freeday\src\main\java\freedays\domain\form\ChangePassTokenWrapper.java
c:\Users\osuciu\git\FreeDaysInternOkta\Sts\freeday\src\main\java\freedays\timesheet\Pattern.java
c:\Users\osuciu\git\FreeDaysInternOkta\Sts\freeday\src\main\java\freedays\validation\annotation\Weekend.java
c:\Users\osuciu\git\FreeDaysInternOkta\Sts\freeday\src\main\java\freedays\validation\CheckBusinessDayValidator.java
c:\Users\osuciu\git\FreeDaysInternOkta\Sts\freeday\src\main\java\freedays\app\FreeDayVacation_Roo_Entity.aj
c:\Users\osuciu\git\FreeDaysInternOkta\Sts\freeday\src\main\java\freedays\app\FreeDay_Roo_JavaBean.aj
c:\Users\osuciu\git\FreeDaysInternOkta\Sts\freeday\src\main\java\freedays\domain\AdvancedUserRole.java
c:\Users\osuciu\git\FreeDaysInternOkta\Sts\freeday\src\main\java\freedays\domain\form\ResetPass_Roo_JavaBean.aj
c:\Users\osuciu\git\FreeDaysInternOkta\Sts\freeday\src\main\java\freedays\app\FreeDayM_Roo_Entity.aj
c:\Users\osuciu\git\FreeDaysInternOkta\Sts\freeday\src\main\java\freedays\timesheet\TimesheetUser.java
c:\Users\osuciu\git\FreeDaysInternOkta\Sts\freeday\src\main\java\freedays\app\AppStrategLTop_Roo_Configurable.aj
c:\Users\osuciu\git\FreeDaysInternOkta\Sts\freeday\src\main\java\freedays\validation\CheckUniqueEmailValidator_Roo_JavaBean.aj
c:\Users\osuciu\git\FreeDaysInternOkta\Sts\freeday\src\main\java\freedays\timesheet\ProjPhase.java
c:\Users\osuciu\git\FreeDaysInternOkta\Sts\freeday\src\main\java\freedays\timesheet\Pattern_Roo_Entity.aj
c:\Users\osuciu\git\FreeDaysInternOkta\Sts\freeday\src\main\java\freedays\domain\RegularUser_Roo_Configurable.aj
c:\Users\osuciu\git\FreeDaysInternOkta\Sts\freeday\src\main\java\freedays\app\FreeDayRL_Roo_Entity.aj
c:\Users\osuciu\git\FreeDaysInternOkta\Sts\freeday\src\main\java\freedays\domain\ApplicationRegularUser_Roo_JavaBean.aj
c:\Users\osuciu\git\FreeDaysInternOkta\Sts\freeday\src\main\java\freedays\timesheet\Phase_Roo_Configurable.aj
c:\Users\osuciu\git\FreeDaysInternOkta\Sts\freeday\src\main\java\freedays\timesheet\TimesheetAdmin.java
c:\Users\osuciu\git\FreeDaysInternOkta\Sts\freeday\src\main\java\freedays\app\FreeDayL_Roo_Entity.aj
c:\Users\osuciu\git\FreeDaysInternOkta\Sts\freeday\src\main\java\freedays\domain\RegularUser_Roo_Entity.aj
c:\Users\osuciu\git\FreeDaysInternOkta\Sts\freeday\src\main\java\freedays\util\PhraseUtils.java
c:\Users\osuciu\git\FreeDaysInternOkta\Sts\freeday\src\main\java\freedays\app\FDAdmin_Roo_Entity.aj
c:\Users\osuciu\git\FreeDaysInternOkta\Sts\freeday\src\main\java\freedays\controller\ProjectController.java
c:\Users\osuciu\git\FreeDaysInternOkta\Sts\freeday\src\main\java\freedays\timesheet\Project_Roo_Entity.aj
c:\Users\osuciu\git\FreeDaysInternOkta\Sts\freeday\src\main\java\freedays\app\HRManagement.java
c:\Users\osuciu\git\FreeDaysInternOkta\Sts\freeday\src\main\java\freedays\app\HRManagement_Roo_Entity.aj
c:\Users\osuciu\git\FreeDaysInternOkta\Sts\freeday\src\main\java\freedays\app\form\FreeDayRequest_Roo_JavaBean.aj
c:\Users\osuciu\git\FreeDaysInternOkta\Sts\freeday\src\main\java\freedays\domain\Document_Roo_Entity.aj
c:\Users\osuciu\git\FreeDaysInternOkta\Sts\freeday\src\main\java\freedays\domain\Document_Roo_JavaBean.aj
c:\Users\osuciu\git\FreeDaysInternOkta\Sts\freeday\src\main\java\freedays\domain\AdvancedUserRole_Roo_JavaBean.aj
c:\Users\osuciu\git\FreeDaysInternOkta\Sts\freeday\src\main\java\freedays\domain\ApplicationRegularUser_Roo_Configurable.aj
c:\Users\osuciu\git\FreeDaysInternOkta\Sts\freeday\src\main\java\freedays\timesheet\TimesheetUser_Roo_JavaBean.aj
c:\Users\osuciu\git\FreeDaysInternOkta\Sts\freeday\src\main\java\freedays\controller\AccountController.java
c:\Users\osuciu\git\FreeDaysInternOkta\Sts\freeday\src\main\java\freedays\app\AppStrategL1_Roo_Entity.aj
c:\Users\osuciu\git\FreeDaysInternOkta\Sts\freeday\src\main\java\freedays\timesheet\Pattern_Roo_JavaBean.aj
c:\Users\osuciu\git\FreeDaysInternOkta\Sts\freeday\src\main\java\freedays\timesheet\TimesheetGenerator.java
c:\Users\osuciu\git\FreeDaysInternOkta\Sts\freeday\src\main\java\freedays\timesheet\LaborBilling.java
c:\Users\osuciu\git\FreeDaysInternOkta\Sts\freeday\src\main\java\freedays\timesheet\Phase_Roo_Entity.aj
c:\Users\osuciu\git\FreeDaysInternOkta\Sts\freeday\src\main\java\freedays\controller\FDUserController.java
c:\Users\osuciu\git\FreeDaysInternOkta\Sts\freeday\src\main\java\freedays\controller\ApplicationConversionServiceFactoryBean.java
c:\Users\osuciu\git\FreeDaysInternOkta\Sts\freeday\src\main\java\freedays\timesheet\MainClass.java
c:\Users\osuciu\git\FreeDaysInternOkta\Sts\freeday\src\main\java\freedays\controller\FDUserController_Roo_Controller.aj
c:\Users\osuciu\git\FreeDaysInternOkta\Sts\freeday\src\main\java\freedays\domain\Request_Roo_Entity.aj
c:\Users\osuciu\git\FreeDaysInternOkta\Sts\freeday\src\main\java\freedays\schedule\FreeDayScheduleService.java
c:\Users\osuciu\git\FreeDaysInternOkta\Sts\freeday\src\main\java\freedays\controller\RecoverPassController.java
c:\Users\osuciu\git\FreeDaysInternOkta\Sts\freeday\src\main\java\freedays\app\FreeDayNP_Roo_Configurable.aj
c:\Users\osuciu\git\FreeDaysInternOkta\Sts\freeday\src\main\java\freedays\timesheet\FreeDayAbstraction_Roo_JavaBean.aj
c:\Users\osuciu\git\FreeDaysInternOkta\Sts\freeday\src\main\java\freedays\validation\annotation\UniqueVacationPerActiveOrApprovedReq.java
c:\Users\osuciu\git\FreeDaysInternOkta\Sts\freeday\src\main\java\freedays\controller\ReportController.java
c:\Users\osuciu\git\FreeDaysInternOkta\Sts\freeday\src\main\java\freedays\controller\PhaseController_Roo_Controller.aj
c:\Users\osuciu\git\FreeDaysInternOkta\Sts\freeday\src\main\java\freedays\security\UserContextService.java
c:\Users\osuciu\git\FreeDaysInternOkta\Sts\freeday\src\main\java\freedays\controller\RomanianLegislationController_Roo_Controller.aj
c:\Users\osuciu\git\FreeDaysInternOkta\Sts\freeday\src\main\java\freedays\domain\form\Search_Roo_JavaBean.aj
c:\Users\osuciu\git\FreeDaysInternOkta\Sts\freeday\src\main\java\freedays\timesheet\LaborBilling_Roo_Configurable.aj
c:\Users\osuciu\git\FreeDaysInternOkta\Sts\freeday\src\main\java\freedays\controller\LaborBillingController.java
c:\Users\osuciu\git\FreeDaysInternOkta\Sts\freeday\src\main\java\freedays\timesheet\Project.java
c:\Users\osuciu\git\FreeDaysInternOkta\Sts\freeday\src\main\java\freedays\validation\annotation\BusinessDay.java
c:\Users\osuciu\git\FreeDaysInternOkta\Sts\freeday\src\main\java\freedays\domain\RegularUser_Roo_JavaBean.aj
c:\Users\osuciu\git\FreeDaysInternOkta\Sts\freeday\src\main\java\freedays\validation\annotation\ValidChangePass.java
c:\Users\osuciu\git\FreeDaysInternOkta\Sts\freeday\src\main\java\freedays\app\FreeDayR.java
c:\Users\osuciu\git\FreeDaysInternOkta\Sts\freeday\src\main\java\freedays\validation\CheckUniqueEmailValidator.java
c:\Users\osuciu\git\FreeDaysInternOkta\Sts\freeday\src\main\java\freedays\domain\RegularUser.java
c:\Users\osuciu\git\FreeDaysInternOkta\Sts\freeday\src\main\java\freedays\app\FreeDayC.java
c:\Users\osuciu\git\FreeDaysInternOkta\Sts\freeday\src\main\java\freedays\domain\ApprovalStrategy_Roo_Configurable.aj
c:\Users\osuciu\git\FreeDaysInternOkta\Sts\freeday\src\main\java\freedays\timesheet\LaborBilling_Roo_Entity.aj
c:\Users\osuciu\git\FreeDaysInternOkta\Sts\freeday\src\main\java\freedays\timesheet\Schedule_Roo_Configurable.aj
c:\Users\osuciu\git\FreeDaysInternOkta\Sts\freeday\src\main\java\freedays\mongo\PersonRepository_Roo_JavaBean.aj
c:\Users\osuciu\git\FreeDaysInternOkta\Sts\freeday\src\main\java\freedays\validation\CheckUniqueVacationPerActiveOrApprovedReqValidator.java
c:\Users\osuciu\git\FreeDaysInternOkta\Sts\freeday\src\main\java\freedays\util\PropertiesUtil.java
c:\Users\osuciu\git\FreeDaysInternOkta\Sts\freeday\src\main\java\freedays\validation\CheckFreeDaySpecificDateConstraint.java
c:\Users\osuciu\git\FreeDaysInternOkta\Sts\freeday\src\main\java\freedays\timesheet\Schedule_Roo_JavaBean.aj
c:\Users\osuciu\git\FreeDaysInternOkta\Sts\freeday\src\main\java\freedays\domain\Profile_Roo_ToString.aj
c:\Users\osuciu\git\FreeDaysInternOkta\Sts\freeday\src\main\java\freedays\app\FreeDay.java
c:\Users\osuciu\git\FreeDaysInternOkta\Sts\freeday\src\main\java\freedays\mongo\domain\DailyReport_Roo_JavaBean.aj
c:\Users\osuciu\git\FreeDaysInternOkta\Sts\freeday\src\main\java\freedays\validation\CheckUniqueDayPerActiveOrApprovedReqValidator_Roo_JavaBean.aj
c:\Users\osuciu\git\FreeDaysInternOkta\Sts\freeday\src\main\java\freedays\domain\ApplicationRegularUser_Roo_Entity.aj
c:\Users\osuciu\git\FreeDaysInternOkta\Sts\freeday\src\main\java\freedays\util\DateUtils.java
c:\Users\osuciu\git\FreeDaysInternOkta\Sts\freeday\src\main\java\freedays\util\MailUtils_Roo_JavaBean.aj
c:\Users\osuciu\git\FreeDaysInternOkta\Sts\freeday\src\main\java\freedays\controller\PatternController.java
c:\Users\osuciu\git\FreeDaysInternOkta\Sts\freeday\src\main\java\freedays\timesheet\POIGenerator.java
